20220328 16:45:06 INFO  [main] ims.IMS IMS.java28 - Welcome to the Inventory Management System!
20220328 16:45:06 INFO  [main] ims.IMS IMS.java33 - Which entity would you like to use?
20220328 16:45:06 INFO  [main] domain.Domain Domain.java27 - CUSTOMER: Information about customers
20220328 16:45:06 INFO  [main] domain.Domain Domain.java27 - ITEM: Individual Items
20220328 16:45:06 INFO  [main] domain.Domain Domain.java27 - ORDER: Purchases of items
20220328 16:45:06 INFO  [main] domain.Domain Domain.java27 - STOP: To close the application
20220328 16:45:10 ERROR [main] domain.Domain Domain.java38 - Invalid selection please try again
20220328 16:45:13 INFO  [main] ims.IMS IMS.java62 - What would you like to do with customer:
20220328 16:45:13 INFO  [main] controller.Action Action.java38 - CREATE: To save a new entity into the database
20220328 16:45:13 INFO  [main] controller.Action Action.java38 - READ: To read an entity from the database
20220328 16:45:13 INFO  [main] controller.Action Action.java38 - UPDATE: To change an entity already in the database
20220328 16:45:13 INFO  [main] controller.Action Action.java38 - DELETE: To remove an entity from the database
20220328 16:45:13 INFO  [main] controller.Action Action.java38 - RETURN: To return to domain selection
20220328 16:45:16 INFO  [main] ims.IMS IMS.java33 - Which entity would you like to use?
20220328 16:45:16 INFO  [main] domain.Domain Domain.java27 - CUSTOMER: Information about customers
20220328 16:45:16 INFO  [main] domain.Domain Domain.java27 - ITEM: Individual Items
20220328 16:45:16 INFO  [main] domain.Domain Domain.java27 - ORDER: Purchases of items
20220328 16:45:16 INFO  [main] domain.Domain Domain.java27 - STOP: To close the application
20220328 16:45:22 INFO  [main] ims.IMS IMS.java62 - What would you like to do with customer:
20220328 16:45:22 INFO  [main] controller.Action Action.java38 - CREATE: To save a new entity into the database
20220328 16:45:22 INFO  [main] controller.Action Action.java38 - READ: To read an entity from the database
20220328 16:45:22 INFO  [main] controller.Action Action.java38 - UPDATE: To change an entity already in the database
20220328 16:45:22 INFO  [main] controller.Action Action.java38 - DELETE: To remove an entity from the database
20220328 16:45:22 INFO  [main] controller.Action Action.java38 - RETURN: To return to domain selection
20220328 16:45:23 ERROR [main] controller.Action Action.java54 - Invalid selection please try again
20220328 16:45:25 DEBUG [main] dao.CustomerDAO CustomerDAO.java45 - java.sql.SQLException: No suitable driver found for jdbc:h2:mem:test_ims;DB_CLOSE_DELAY=-1
20220328 16:45:25 ERROR [main] dao.CustomerDAO CustomerDAO.java46 - No suitable driver found for jdbc:h2:mem:test_ims;DB_CLOSE_DELAY=-1
20220328 16:45:25 INFO  [main] ims.IMS IMS.java62 - What would you like to do with customer:
20220328 16:45:25 INFO  [main] controller.Action Action.java38 - CREATE: To save a new entity into the database
20220328 16:45:25 INFO  [main] controller.Action Action.java38 - READ: To read an entity from the database
20220328 16:45:25 INFO  [main] controller.Action Action.java38 - UPDATE: To change an entity already in the database
20220328 16:45:25 INFO  [main] controller.Action Action.java38 - DELETE: To remove an entity from the database
20220328 16:45:25 INFO  [main] controller.Action Action.java38 - RETURN: To return to domain selection
